
================================================================
======== txAdmin Starting - 6/30/2022, 11:50:43 PM              
================================================================

================================================================
======== txAdmin Starting - 6/30/2022, 11:53:17 PM              
================================================================
[23:53:44] [CarcanoRP] created admins file
[23:54:43] [CarcanoRP] Changing global/fxserver settings via setup stepper.
[23:59:21] [CarcanoRP] RESTART SERVER
[00:03:07] [CarcanoRP] RESTART SERVER
[00:14:04] [CarcanoRP] RESTART SERVER
[00:15:34] [CarcanoRP] ensure "oxmysql"
[00:15:42] [CarcanoRP] ensure "qbr-clothing"
[00:15:45] [CarcanoRP] ensure "qbr-doorlock"
[00:15:49] [CarcanoRP] ensure "qbr-spawn"
[00:16:02] [CarcanoRP] RESTART SERVER
[00:20:42] [CarcanoRP] RESTART SERVER
[00:27:55] [CarcanoRP] RESTART SERVER
[00:30:44] [CarcanoRP] RESTART SERVER
[00:41:50] [CarcanoRP] RESTART SERVER
[00:53:53] [CarcanoRP] RESTART SERVER
[00:55:30] [CarcanoRP] RESTART SERVER
[00:56:53] [CarcanoRP] RESTART SERVER
[00:57:31] [CarcanoRP] RESTART SERVER
[01:00:10] [CarcanoRP] RESTART SERVER
[03:50:27] [CarcanoRP] RESTART SERVER
[04:21:02] [CarcanoRP] RESTART SERVER
[04:27:02] [CarcanoRP] RESTART SERVER

================================================================
======== txAdmin Starting - 7/1/2022, 1:12:03 PM                
================================================================
