
================================================================
======== Log Rotated - 7/1/2022, 12:00:00 AM                    
================================================================
[12:03:13 AM] txAdmin: Logger started
[12:14:10 AM] txAdmin: Logger started
[12:16:08 AM] txAdmin: Logger started
[12:20:49 AM] txAdmin: Logger started
[12:28:02 AM] txAdmin: Logger started
[12:30:51 AM] txAdmin: Logger started
[12:41:56 AM] txAdmin: Logger started
[12:54:00 AM] txAdmin: Logger started
[12:55:37 AM] txAdmin: Logger started
[12:56:59 AM] txAdmin: Logger started
[12:57:38 AM] txAdmin: Logger started
[1:00:17 AM] txAdmin: Logger started
[1:02:00 AM] [hYc9d#1] Purpel: joined with identifiers [steam:11000011385640e; license:6920222612ab4edbfef78bf2c6fb6f1ac86ef45f; xbl:2535441669489938; live:914802217795883; discord:219178518213427211; fivem:2273633; license2:6920222612ab4edbfef78bf2c6fb6f1ac86ef45f]
[2:03:37 AM] [hYc9d#1] Purpel: died from suicide (Falling)
[2:04:06 AM] [hYc9d#1] Purpel: died from suicide (Falling)
[2:04:35 AM] [hYc9d#1] Purpel: died from suicide (Falling)
[2:05:17 AM] [hYc9d#1] Purpel: said "/refesh"
[3:37:59 AM] [hYc9d#1] Purpel: said "/onduty"
[3:48:01 AM] [hYc9d#1] Purpel: said "/rc"
[3:48:10 AM] [hYc9d#1] Purpel: said "/reset"
[3:48:13 AM] [hYc9d#1] Purpel: said "/resetskin"
[3:48:22 AM] [hYc9d#1] Purpel: said "/skinrefresh"
[3:48:56 AM] [hYc9d#1] Purpel: said "/character"
[3:50:34 AM] txAdmin: Logger started
[4:21:08 AM] txAdmin: Logger started
[4:27:09 AM] txAdmin: Logger started

================================================================
======== txAdmin Starting - 7/1/2022, 1:12:03 PM                
================================================================
[1:12:09 PM] txAdmin: Logger started
[1:13:19 PM] [jFjQG#1] Purpel: joined with identifiers [steam:11000011385640e; license:6920222612ab4edbfef78bf2c6fb6f1ac86ef45f; xbl:2535441669489938; live:914802217795883; discord:219178518213427211; fivem:2273633; license2:6920222612ab4edbfef78bf2c6fb6f1ac86ef45f]
[1:53:52 PM] [jFjQG#1] Purpel: said "tpm"
[1:56:38 PM] [jFjQG#1] Purpel: died from suicide
[1:56:56 PM] [jFjQG#1] Purpel: died from suicide (Falling)
[2:06:26 PM] [jFjQG#1] Purpel: said "/createpz"
[2:10:55 PM] txAdmin: Logger started
[2:12:00 PM] [cz6xP#1] Purpel: joined with identifiers [steam:11000011385640e; license:6920222612ab4edbfef78bf2c6fb6f1ac86ef45f; xbl:2535441669489938; live:914802217795883; discord:219178518213427211; fivem:2273633; license2:6920222612ab4edbfef78bf2c6fb6f1ac86ef45f]
[2:20:35 PM] txAdmin: Logger started
[2:53:35 PM] txAdmin: Logger started
[2:55:14 PM] [AfrmX#1] Purpel: joined with identifiers [steam:11000011385640e; license:6920222612ab4edbfef78bf2c6fb6f1ac86ef45f; xbl:2535441669489938; live:914802217795883; discord:219178518213427211; fivem:2273633; license2:6920222612ab4edbfef78bf2c6fb6f1ac86ef45f]
[3:02:46 PM] [AfrmX#1] Purpel: said "/jon"
[3:07:08 PM] [AfrmX#2] FrosTy: joined with identifiers [steam:1100001074a4952; license:69d0fdb131ddf51f336b328bbb783730f8ff7c92; xbl:2533275011788152; live:985156948176219; discord:248470898493882368; license2:69d0fdb131ddf51f336b328bbb783730f8ff7c92]
[3:11:26 PM] [AfrmX#2] FrosTy: disconnected (Exiting)
[3:12:02 PM] [AfrmX#3] FrosTy: joined with identifiers [steam:1100001074a4952; license:69d0fdb131ddf51f336b328bbb783730f8ff7c92; xbl:2533275011788152; live:985156948176219; discord:248470898493882368; license2:69d0fdb131ddf51f336b328bbb783730f8ff7c92]
[3:13:26 PM] [AfrmX#1] Purpel: said "ob"
[3:21:40 PM] txAdmin: Logger started
[3:22:24 PM] [mXFLw#1] Purpel: joined with identifiers [steam:11000011385640e; license:6920222612ab4edbfef78bf2c6fb6f1ac86ef45f; xbl:2535441669489938; live:914802217795883; discord:219178518213427211; fivem:2273633; license2:6920222612ab4edbfef78bf2c6fb6f1ac86ef45f]
[3:23:31 PM] [mXFLw#2] FrosTy: joined with identifiers [steam:1100001074a4952; license:69d0fdb131ddf51f336b328bbb783730f8ff7c92; xbl:2533275011788152; live:985156948176219; discord:248470898493882368; license2:69d0fdb131ddf51f336b328bbb783730f8ff7c92]
[3:27:23 PM] txAdmin: Logger started
[3:28:07 PM] [dAzXQ#1] Wake Up: joined with identifiers [steam:11000010e667a5f; license:2add4509999b57bd29485fd2afac46227f6d6e44; xbl:2535420068282884; live:914801437353863; discord:218976868706025473; fivem:1789651; license2:2add4509999b57bd29485fd2afac46227f6d6e44]
[3:28:13 PM] [dAzXQ#2] FrosTy: joined with identifiers [steam:1100001074a4952; license:69d0fdb131ddf51f336b328bbb783730f8ff7c92; xbl:2533275011788152; live:985156948176219; discord:248470898493882368; license2:69d0fdb131ddf51f336b328bbb783730f8ff7c92]
[3:28:49 PM] [dAzXQ#3] Purpel: joined with identifiers [steam:11000011385640e; license:6920222612ab4edbfef78bf2c6fb6f1ac86ef45f; xbl:2535441669489938; live:914802217795883; discord:219178518213427211; fivem:2273633; license2:6920222612ab4edbfef78bf2c6fb6f1ac86ef45f]
[3:29:48 PM] [dAzXQ#2] FrosTy: disconnected (Exiting)
[3:30:34 PM] [dAzXQ#4] FrosTy: joined with identifiers [steam:1100001074a4952; license:69d0fdb131ddf51f336b328bbb783730f8ff7c92; xbl:2533275011788152; live:985156948176219; discord:248470898493882368; license2:69d0fdb131ddf51f336b328bbb783730f8ff7c92]
[3:31:46 PM] [dAzXQ#4] FrosTy: died from unknown by Purpel
[3:33:43 PM] [dAzXQ#4] FrosTy: said "/adminmenu"
[3:37:42 PM] [dAzXQ#4] FrosTy: disconnected (Server->client connection timed out. Last seen 48567 msec ago.)
[3:37:56 PM] [dAzXQ#5] FrosTy: joined with identifiers [steam:1100001074a4952; license:69d0fdb131ddf51f336b328bbb783730f8ff7c92; xbl:2533275011788152; live:985156948176219; discord:248470898493882368; license2:69d0fdb131ddf51f336b328bbb783730f8ff7c92]
[3:41:27 PM] [dAzXQ#3] Purpel: said "/noclop"
[3:43:11 PM] [dAzXQ#3] Purpel: said "revive"
[3:43:25 PM] [dAzXQ#3] Purpel: said "/hang"
[3:53:01 PM] [dAzXQ#3] Purpel: said "ship_guama02"
[3:55:38 PM] [dAzXQ#5] FrosTy: disconnected (Exiting)
[4:16:10 PM] [dAzXQ#3] Purpel: disconnected (Server->client connection timed out. Last seen 41778 msec ago.)
[4:23:13 PM] [dAzXQ#1] Wake Up: said "/addmoney 1 cash 1000"
[4:25:55 PM] txAdmin: Logger started
[4:31:18 PM] [9GHN3#1] Wake Up: joined with identifiers [steam:11000010e667a5f; license:2add4509999b57bd29485fd2afac46227f6d6e44; xbl:2535420068282884; live:914801437353863; discord:218976868706025473; fivem:1789651; license2:2add4509999b57bd29485fd2afac46227f6d6e44]
[4:34:04 PM] [9GHN3#2] Purpel: joined with identifiers [steam:11000011385640e; license:6920222612ab4edbfef78bf2c6fb6f1ac86ef45f; xbl:2535441669489938; live:914802217795883; discord:219178518213427211; fivem:2273633; license2:6920222612ab4edbfef78bf2c6fb6f1ac86ef45f]
[4:36:14 PM] [9GHN3#1] Wake Up: died from suicide (Falling)
[4:36:53 PM] [9GHN3#2] Purpel: disconnected (Exiting)
[6:01:36 PM] [9GHN3#1] Wake Up: died from suicide
[6:23:56 PM] [9GHN3#1] Wake Up: died from suicide (Fist)
[6:58:43 PM] [9GHN3#1] Wake Up: died from suicide (Fist)
[7:33:19 PM] [9GHN3#1] Wake Up: disconnected (Exiting)
