
================================================================
======== Log Rotated - 7/1/2022, 12:00:00 AM                    
================================================================
[12:03:13 AM] txAdmin: Logger started
[12:14:10 AM] txAdmin: Logger started
[12:16:08 AM] txAdmin: Logger started
[12:20:49 AM] txAdmin: Logger started
[12:28:02 AM] txAdmin: Logger started
[12:30:51 AM] txAdmin: Logger started
[12:41:56 AM] txAdmin: Logger started
[12:54:00 AM] txAdmin: Logger started
[12:55:37 AM] txAdmin: Logger started
[12:56:59 AM] txAdmin: Logger started
[12:57:38 AM] txAdmin: Logger started
[1:00:17 AM] txAdmin: Logger started
[1:02:00 AM] [hYc9d#1] Purpel: joined with identifiers [steam:11000011385640e; license:6920222612ab4edbfef78bf2c6fb6f1ac86ef45f; xbl:2535441669489938; live:914802217795883; discord:219178518213427211; fivem:2273633; license2:6920222612ab4edbfef78bf2c6fb6f1ac86ef45f]
[2:03:37 AM] [hYc9d#1] Purpel: died from suicide (Falling)
[2:04:06 AM] [hYc9d#1] Purpel: died from suicide (Falling)
[2:04:35 AM] [hYc9d#1] Purpel: died from suicide (Falling)
[2:05:17 AM] [hYc9d#1] Purpel: said "/refesh"
[3:37:59 AM] [hYc9d#1] Purpel: said "/onduty"
[3:48:01 AM] [hYc9d#1] Purpel: said "/rc"
[3:48:10 AM] [hYc9d#1] Purpel: said "/reset"
[3:48:13 AM] [hYc9d#1] Purpel: said "/resetskin"
[3:48:22 AM] [hYc9d#1] Purpel: said "/skinrefresh"
[3:48:56 AM] [hYc9d#1] Purpel: said "/character"
[3:50:34 AM] txAdmin: Logger started
[4:21:08 AM] txAdmin: Logger started
[4:27:09 AM] txAdmin: Logger started

================================================================
======== txAdmin Starting - 7/1/2022, 1:12:03 PM                
================================================================
[1:12:09 PM] txAdmin: Logger started
[1:13:19 PM] [jFjQG#1] Purpel: joined with identifiers [steam:11000011385640e; license:6920222612ab4edbfef78bf2c6fb6f1ac86ef45f; xbl:2535441669489938; live:914802217795883; discord:219178518213427211; fivem:2273633; license2:6920222612ab4edbfef78bf2c6fb6f1ac86ef45f]
